2024-08-30 02:36:40,658 CRIT Supervisor is running as root.  Privileges were not dropped because no user is specified in the config file.  If you intend to run as root, you can set user=root in the config file to avoid this message.
2024-08-30 02:36:40,659 INFO supervisord started with pid 1
2024-08-30 02:36:41,661 INFO spawned: 'php-fpm' with pid 7
2024-08-30 02:36:41,662 INFO spawned: 'redis-server' with pid 8
2024-08-30 02:36:42,781 INFO success: php-fpm entered RUNNING state, process has stayed up for > than 1 seconds (startsecs)
2024-08-30 02:36:42,781 INFO success: redis-server entered RUNNING state, process has stayed up for > than 1 seconds (startsecs)
2024-08-30 02:40:40,884 WARN received SIGQUIT indicating exit request
2024-08-30 02:40:40,884 INFO waiting for php-fpm, redis-server to die
2024-08-30 02:40:40,975 INFO stopped: redis-server (exit status 0)
2024-08-30 02:40:40,982 INFO stopped: php-fpm (exit status 0)
2024-08-30 02:45:00,410 CRIT Supervisor is running as root.  Privileges were not dropped because no user is specified in the config file.  If you intend to run as root, you can set user=root in the config file to avoid this message.
2024-08-30 02:45:00,412 INFO supervisord started with pid 1
2024-08-30 02:45:01,414 INFO spawned: 'php-fpm' with pid 7
2024-08-30 02:45:01,417 INFO spawned: 'redis-server' with pid 8
2024-08-30 02:45:02,468 INFO success: php-fpm entered RUNNING state, process has stayed up for > than 1 seconds (startsecs)
2024-08-30 02:45:02,468 INFO success: redis-server entered RUNNING state, process has stayed up for > than 1 seconds (startsecs)
2024-08-30 02:50:34,981 WARN received SIGQUIT indicating exit request
2024-08-30 02:50:34,982 INFO waiting for php-fpm, redis-server to die
2024-08-30 02:50:35,037 INFO stopped: redis-server (exit status 0)
2024-08-30 02:50:35,067 INFO stopped: php-fpm (exit status 0)
2024-08-30 02:51:24,289 CRIT Supervisor is running as root.  Privileges were not dropped because no user is specified in the config file.  If you intend to run as root, you can set user=root in the config file to avoid this message.
2024-08-30 02:51:24,293 INFO supervisord started with pid 1
2024-08-30 02:51:25,296 INFO spawned: 'php-fpm' with pid 7
2024-08-30 02:51:25,300 INFO spawned: 'redis-server' with pid 8
2024-08-30 02:51:26,382 INFO success: php-fpm entered RUNNING state, process has stayed up for > than 1 seconds (startsecs)
2024-08-30 02:51:26,382 INFO success: redis-server entered RUNNING state, process has stayed up for > than 1 seconds (startsecs)
2024-08-30 02:57:48,396 WARN received SIGQUIT indicating exit request
2024-08-30 02:57:48,396 INFO waiting for php-fpm, redis-server to die
2024-08-30 02:57:48,457 INFO stopped: redis-server (exit status 0)
2024-08-30 02:57:48,466 INFO stopped: php-fpm (exit status 0)
2024-08-30 03:01:55,103 CRIT Supervisor is running as root.  Privileges were not dropped because no user is specified in the config file.  If you intend to run as root, you can set user=root in the config file to avoid this message.
2024-08-30 03:01:55,106 INFO supervisord started with pid 1
2024-08-30 03:01:56,109 INFO spawned: 'php-fpm' with pid 7
2024-08-30 03:01:56,112 INFO spawned: 'redis-server' with pid 8
2024-08-30 03:01:57,181 INFO success: php-fpm entered RUNNING state, process has stayed up for > than 1 seconds (startsecs)
2024-08-30 03:01:57,181 INFO success: redis-server entered RUNNING state, process has stayed up for > than 1 seconds (startsecs)
2024-08-30 03:03:00,929 INFO reaped unknown pid 46 (exit status 0)
2024-08-30 03:03:29,457 INFO reaped unknown pid 70 (exit status 0)
2024-08-30 03:04:19,510 INFO reaped unknown pid 120 (exit status 0)
2024-08-30 03:23:33,440 WARN received SIGQUIT indicating exit request
2024-08-30 03:23:33,441 INFO waiting for php-fpm, redis-server to die
2024-08-30 03:23:33,534 INFO stopped: redis-server (exit status 0)
2024-08-30 03:23:33,540 INFO stopped: php-fpm (exit status 0)
2024-08-30 03:24:27,171 CRIT Supervisor is running as root.  Privileges were not dropped because no user is specified in the config file.  If you intend to run as root, you can set user=root in the config file to avoid this message.
2024-08-30 03:24:27,172 INFO supervisord started with pid 1
2024-08-30 03:24:28,174 INFO spawned: 'php-fpm' with pid 7
2024-08-30 03:24:28,175 INFO spawned: 'redis-server' with pid 8
2024-08-30 03:24:29,224 INFO success: php-fpm entered RUNNING state, process has stayed up for > than 1 seconds (startsecs)
2024-08-30 03:24:29,224 INFO success: redis-server entered RUNNING state, process has stayed up for > than 1 seconds (startsecs)
2024-08-30 03:31:06,713 WARN received SIGQUIT indicating exit request
2024-08-30 03:31:06,713 INFO waiting for php-fpm, redis-server to die
2024-08-30 03:31:06,795 INFO stopped: redis-server (exit status 0)
2024-08-30 03:31:06,801 INFO stopped: php-fpm (exit status 0)
2024-08-30 03:32:08,069 CRIT Supervisor is running as root.  Privileges were not dropped because no user is specified in the config file.  If you intend to run as root, you can set user=root in the config file to avoid this message.
2024-08-30 03:32:08,070 INFO supervisord started with pid 1
2024-08-30 03:32:09,072 INFO spawned: 'php-fpm' with pid 7
2024-08-30 03:32:09,074 INFO spawned: 'redis-server' with pid 8
2024-08-30 03:32:10,118 INFO success: php-fpm entered RUNNING state, process has stayed up for > than 1 seconds (startsecs)
2024-08-30 03:32:10,118 INFO success: redis-server entered RUNNING state, process has stayed up for > than 1 seconds (startsecs)
2024-08-30 03:36:18,945 WARN received SIGQUIT indicating exit request
2024-08-30 03:36:18,945 INFO waiting for php-fpm, redis-server to die
2024-08-30 03:36:19,045 INFO stopped: redis-server (exit status 0)
2024-08-30 03:36:19,051 INFO stopped: php-fpm (exit status 0)
2024-08-30 03:41:51,851 CRIT Supervisor is running as root.  Privileges were not dropped because no user is specified in the config file.  If you intend to run as root, you can set user=root in the config file to avoid this message.
2024-08-30 03:41:51,852 INFO supervisord started with pid 1
2024-08-30 03:41:52,854 INFO spawned: 'php-fpm' with pid 7
2024-08-30 03:41:52,855 INFO spawned: 'redis-server' with pid 8
2024-08-30 03:41:53,901 INFO success: php-fpm entered RUNNING state, process has stayed up for > than 1 seconds (startsecs)
2024-08-30 03:41:53,901 INFO success: redis-server entered RUNNING state, process has stayed up for > than 1 seconds (startsecs)
2024-08-30 03:48:35,566 WARN received SIGQUIT indicating exit request
2024-08-30 03:48:35,567 INFO waiting for php-fpm, redis-server to die
2024-08-30 03:48:35,598 INFO stopped: redis-server (exit status 0)
2024-08-30 03:48:35,607 INFO stopped: php-fpm (exit status 0)
2024-08-30 03:48:57,211 CRIT Supervisor is running as root.  Privileges were not dropped because no user is specified in the config file.  If you intend to run as root, you can set user=root in the config file to avoid this message.
2024-08-30 03:48:57,213 INFO supervisord started with pid 1
2024-08-30 03:48:58,214 INFO spawned: 'php-fpm' with pid 7
2024-08-30 03:48:58,214 INFO spawned: 'redis-server' with pid 8
2024-08-30 03:48:59,252 INFO success: php-fpm entered RUNNING state, process has stayed up for > than 1 seconds (startsecs)
2024-08-30 03:48:59,252 INFO success: redis-server entered RUNNING state, process has stayed up for > than 1 seconds (startsecs)
2024-08-30 03:54:29,427 WARN received SIGQUIT indicating exit request
2024-08-30 03:54:29,428 INFO waiting for php-fpm, redis-server to die
2024-08-30 03:54:29,530 INFO stopped: redis-server (exit status 0)
2024-08-30 03:54:29,536 INFO stopped: php-fpm (exit status 0)
2024-08-30 03:55:39,838 CRIT Supervisor is running as root.  Privileges were not dropped because no user is specified in the config file.  If you intend to run as root, you can set user=root in the config file to avoid this message.
2024-08-30 03:55:39,840 INFO supervisord started with pid 1
2024-08-30 03:55:40,842 INFO spawned: 'php-fpm' with pid 7
2024-08-30 03:55:40,844 INFO spawned: 'redis-server' with pid 8
2024-08-30 03:55:41,890 INFO success: php-fpm entered RUNNING state, process has stayed up for > than 1 seconds (startsecs)
2024-08-30 03:55:41,890 INFO success: redis-server entered RUNNING state, process has stayed up for > than 1 seconds (startsecs)
2024-08-30 03:59:33,143 WARN received SIGQUIT indicating exit request
2024-08-30 03:59:33,143 INFO waiting for php-fpm, redis-server to die
2024-08-30 03:59:33,179 INFO stopped: redis-server (exit status 0)
2024-08-30 03:59:33,187 INFO stopped: php-fpm (exit status 0)
2024-08-30 04:01:15,658 CRIT Supervisor is running as root.  Privileges were not dropped because no user is specified in the config file.  If you intend to run as root, you can set user=root in the config file to avoid this message.
2024-08-30 04:01:15,660 INFO supervisord started with pid 1
2024-08-30 04:01:16,662 INFO spawned: 'php-fpm' with pid 7
2024-08-30 04:01:16,663 INFO spawned: 'redis-server' with pid 8
2024-08-30 04:01:17,704 INFO success: php-fpm entered RUNNING state, process has stayed up for > than 1 seconds (startsecs)
2024-08-30 04:01:17,705 INFO success: redis-server entered RUNNING state, process has stayed up for > than 1 seconds (startsecs)
